<?xml version="1.0" encoding="UTF-8"?>
<!-- Generated by org.testng.reporters.JUnitXMLReporter -->
<testsuite ignored="0" hostname="LTIN217963" failures="0" tests="57" name="ChromeTest" time="17.294" errors="0" timestamp="2024-02-15T11:01:06 IST">
  <testcase classname="TestBase.BaseClass" name="@BeforeClass setUp" time="15.172">
    <failure type="org.openqa.selenium.SessionNotCreatedException" message="Could not start a new session. Response code 500. Message: session not created: This version of ChromeDriver only supports Chrome version 118
Current browser version is 120.0.6099.130 with binary path C:\Program Files\Google\Chrome\Application\chrome.exe 
Host info: host: &amp;apos;LTIN217963&amp;apos;, ip: &amp;apos;10.203.178.234&amp;apos;
Build info: version: &amp;apos;4.16.1&amp;apos;, revision: &amp;apos;9b4c83354e&amp;apos;
System info: os.name: &amp;apos;Windows 11&amp;apos;, os.arch: &amp;apos;amd64&amp;apos;, os.version: &amp;apos;10.0&amp;apos;, java.version: &amp;apos;17.0.2&amp;apos;
Driver info: org.openqa.selenium.chrome.ChromeDriver
Command: [null, newSession {capabilities=[Capabilities {browserName: chrome, goog:chromeOptions: {args: [], binary: C:\Program Files\Google\Chr..., extensions: []}}]}]">
      <![CDATA[org.openqa.selenium.SessionNotCreatedException: Could not start a new session. Response code 500. Message: session not created: This version of ChromeDriver only supports Chrome version 118
Current browser version is 120.0.6099.130 with binary path C:\Program Files\Google\Chrome\Application\chrome.exe 
Host info: host: 'LTIN217963', ip: '10.203.178.234'
Build info: version: '4.16.1', revision: '9b4c83354e'
System info: os.name: 'Windows 11', os.arch: 'amd64', os.version: '10.0', java.version: '17.0.2'
Driver info: org.openqa.selenium.chrome.ChromeDriver
Command: [null, newSession {capabilities=[Capabilities {browserName: chrome, goog:chromeOptions: {args: [], binary: C:\Program Files\Google\Chr..., extensions: []}}]}]
at org.openqa.selenium.remote.ProtocolHandshake.createSession(ProtocolHandshake.java:140)
at org.openqa.selenium.remote.ProtocolHandshake.createSession(ProtocolHandshake.java:96)
at org.openqa.selenium.remote.ProtocolHandshake.createSession(ProtocolHandshake.java:68)
at org.openqa.selenium.remote.HttpCommandExecutor.execute(HttpCommandExecutor.java:163)
at org.openqa.selenium.remote.service.DriverCommandExecutor.invokeExecute(DriverCommandExecutor.java:200)
at org.openqa.selenium.remote.service.DriverCommandExecutor.execute(DriverCommandExecutor.java:175)
at org.openqa.selenium.remote.RemoteWebDriver.execute(RemoteWebDriver.java:523)
at org.openqa.selenium.remote.RemoteWebDriver.startSession(RemoteWebDriver.java:237)
at org.openqa.selenium.remote.RemoteWebDriver.<init>(RemoteWebDriver.java:164)
at org.openqa.selenium.chromium.ChromiumDriver.<init>(ChromiumDriver.java:114)
at org.openqa.selenium.chrome.ChromeDriver.<init>(ChromeDriver.java:89)
at org.openqa.selenium.chrome.ChromeDriver.<init>(ChromeDriver.java:84)
at org.openqa.selenium.chrome.ChromeDriver.<init>(ChromeDriver.java:52)
at TestBase.BaseClass.setUp(BaseClass.java:79)
at java.base/java.util.ArrayList.forEach(ArrayList.java:1511)
... Removed 25 stack frames]]>
    </failure>
  </testcase> <!-- @BeforeClass setUp -->
  <testcase classname="TestBase.BaseClass" name="@AfterClass tearDown" time="0.0">
    <skipped/>
  </testcase> <!-- @AfterClass tearDown -->
  <testcase classname="TestCases.CarLoanEMI" name="clickOnCarLoanLink" time="0.0">
    <skipped/>
  </testcase> <!-- clickOnCarLoanLink -->
  <testcase classname="TestCases.CarLoanEMI" name="setCarAmount" time="0.0">
    <skipped/>
  </testcase> <!-- setCarAmount -->
  <testcase classname="TestCases.CarLoanEMI" name="setInterestRate" time="0.0">
    <skipped/>
  </testcase> <!-- setInterestRate -->
  <testcase classname="TestCases.CarLoanEMI" name="setLoanTenure" time="0.0">
    <skipped/>
  </testcase> <!-- setLoanTenure -->
  <testcase classname="TestCases.CarLoanEMI" name="clickOnyear" time="0.001">
    <skipped/>
  </testcase> <!-- clickOnyear -->
  <testcase classname="TestCases.CarLoanEMI" name="readData" time="0.001">
    <skipped/>
  </testcase> <!-- readData -->
  <testcase classname="TestCases.HomeLoanEMI" name="calculatorsDropDownValidation" time="0.0">
    <skipped/>
  </testcase> <!-- calculatorsDropDownValidation -->
  <testcase classname="TestCases.HomeLoanEMI" name="homeLoanEmiCalculatorValidation" time="0.0">
    <skipped/>
  </testcase> <!-- homeLoanEmiCalculatorValidation -->
  <testcase classname="TestCases.HomeLoanEMI" name="validateHomeValueInputfield" time="0.0">
    <skipped/>
  </testcase> <!-- validateHomeValueInputfield -->
  <testcase classname="TestCases.HomeLoanEMI" name="validateDownPaymentInputFieldInPercentage" time="0.0">
    <skipped/>
  </testcase> <!-- validateDownPaymentInputFieldInPercentage -->
  <testcase classname="TestCases.HomeLoanEMI" name="validateDownPaymentRupeesButton" time="0.001">
    <skipped/>
  </testcase> <!-- validateDownPaymentRupeesButton -->
  <testcase classname="TestCases.HomeLoanEMI" name="validateLoanInsuranceInputField" time="0.0">
    <skipped/>
  </testcase> <!-- validateLoanInsuranceInputField -->
  <testcase classname="TestCases.HomeLoanEMI" name="validateInterestRateInputField" time="0.0">
    <skipped/>
  </testcase> <!-- validateInterestRateInputField -->
  <testcase classname="TestCases.HomeLoanEMI" name="validateLoanTenureInputField" time="0.001">
    <skipped/>
  </testcase> <!-- validateLoanTenureInputField -->
  <testcase classname="TestCases.HomeLoanEMI" name="validateLoanTenureMonthsButton" time="0.0">
    <skipped/>
  </testcase> <!-- validateLoanTenureMonthsButton -->
  <testcase classname="TestCases.HomeLoanEMI" name="validateLoanChargesInputField" time="0.0">
    <skipped/>
  </testcase> <!-- validateLoanChargesInputField -->
  <testcase classname="TestCases.HomeLoanEMI" name="validateLoanChargesRupeesButtonElement" time="0.0">
    <skipped/>
  </testcase> <!-- validateLoanChargesRupeesButtonElement -->
  <testcase classname="TestCases.HomeLoanEMI" name="validateLoanStartMonthAndYearField" time="0.001">
    <skipped/>
  </testcase> <!-- validateLoanStartMonthAndYearField -->
  <testcase classname="TestCases.HomeLoanEMI" name="validateLoanStartMonthAndYearInputField" time="0.0">
    <skipped/>
  </testcase> <!-- validateLoanStartMonthAndYearInputField -->
  <testcase classname="TestCases.HomeLoanEMI" name="validateOneTimeExpensesInputField" time="0.0">
    <skipped/>
  </testcase> <!-- validateOneTimeExpensesInputField -->
  <testcase classname="TestCases.HomeLoanEMI" name="validateOneTimeExpensesRupeesButton" time="0.001">
    <skipped/>
  </testcase> <!-- validateOneTimeExpensesRupeesButton -->
  <testcase classname="TestCases.HomeLoanEMI" name="validatePropertyTaxesPerYearInputField" time="0.0">
    <skipped/>
  </testcase> <!-- validatePropertyTaxesPerYearInputField -->
  <testcase classname="TestCases.HomeLoanEMI" name="validatePropertyTaxesPerYearRupeesButton" time="0.001">
    <skipped/>
  </testcase> <!-- validatePropertyTaxesPerYearRupeesButton -->
  <testcase classname="TestCases.HomeLoanEMI" name="validateHomeInsurancePerYearInputField" time="0.001">
    <skipped/>
  </testcase> <!-- validateHomeInsurancePerYearInputField -->
  <testcase classname="TestCases.HomeLoanEMI" name="validateHomeInsurancePerYearRupeesButton" time="0.0">
    <skipped/>
  </testcase> <!-- validateHomeInsurancePerYearRupeesButton -->
  <testcase classname="TestCases.HomeLoanEMI" name="validateMaintenanceExpensesPerMonthInputField" time="0.0">
    <skipped/>
  </testcase> <!-- validateMaintenanceExpensesPerMonthInputField -->
  <testcase classname="TestCases.HomeLoanEMI" name="printAllTheData" time="0.0">
    <skipped/>
  </testcase> <!-- printAllTheData -->
  <testcase classname="TestCases.EMICalculator" name="calculatorsDropDownValidationFromHomeLoan" time="0.0">
    <skipped/>
  </testcase> <!-- calculatorsDropDownValidationFromHomeLoan -->
  <testcase classname="TestCases.EMICalculator" name="emiCalculatorPageValidation" time="0.0">
    <skipped/>
  </testcase> <!-- emiCalculatorPageValidation -->
  <testcase classname="TestCases.CalculateEmiUICheck" name="validateEmiCalculatorLink" time="0.0">
    <skipped/>
  </testcase> <!-- validateEmiCalculatorLink -->
  <testcase classname="TestCases.CalculateEmiUICheck" name="verifyEmiCalculatorLoanAmountInputFieldPresence" time="0.0">
    <skipped/>
  </testcase> <!-- verifyEmiCalculatorLoanAmountInputFieldPresence -->
  <testcase classname="TestCases.CalculateEmiUICheck" name="validateEmiCalculatorLoanAmountInputFieldByPassingValue" time="0.0">
    <skipped/>
  </testcase> <!-- validateEmiCalculatorLoanAmountInputFieldByPassingValue -->
  <testcase classname="TestCases.CalculateEmiUICheck" name="verifyEmiCalculatorInterestRateInputFieldPresence" time="0.0">
    <skipped/>
  </testcase> <!-- verifyEmiCalculatorInterestRateInputFieldPresence -->
  <testcase classname="TestCases.CalculateEmiUICheck" name="validateEmiCalculatorInterestRateInputFieldByPassingValue" time="0.0">
    <skipped/>
  </testcase> <!-- validateEmiCalculatorInterestRateInputFieldByPassingValue -->
  <testcase classname="TestCases.CalculateEmiUICheck" name="verifyEmiCalculatorLoanTenureInputFieldPresence" time="0.0">
    <skipped/>
  </testcase> <!-- verifyEmiCalculatorLoanTenureInputFieldPresence -->
  <testcase classname="TestCases.CalculateEmiUICheck" name="validateEmiCalculatorLoanTenureInputFieldByPassingValue" time="0.001">
    <skipped/>
  </testcase> <!-- validateEmiCalculatorLoanTenureInputFieldByPassingValue -->
  <testcase classname="TestCases.CalculateEmiUICheck" name="validateEmiCalculatorLoanTenureMonthButton" time="0.001">
    <skipped/>
  </testcase> <!-- validateEmiCalculatorLoanTenureMonthButton -->
  <testcase classname="TestCases.CalculateEmiUICheck" name="verifyEmiCalculatorLoanChargesInputFieldPresence" time="0.0">
    <skipped/>
  </testcase> <!-- verifyEmiCalculatorLoanChargesInputFieldPresence -->
  <testcase classname="TestCases.CalculateEmiUICheck" name="validateEmiCalculatorLoanChargesInputFieldByPassingValue" time="0.0">
    <skipped/>
  </testcase> <!-- validateEmiCalculatorLoanChargesInputFieldByPassingValue -->
  <testcase classname="TestCases.LoanAmountCalculatorUICheck" name="validateLoanAmountCalculatorLink" time="0.0">
    <skipped/>
  </testcase> <!-- validateLoanAmountCalculatorLink -->
  <testcase classname="TestCases.LoanAmountCalculatorUICheck" name="verifyEmiInputFieldPresence" time="0.0">
    <skipped/>
  </testcase> <!-- verifyEmiInputFieldPresence -->
  <testcase classname="TestCases.LoanAmountCalculatorUICheck" name="verifyEmiInputFieldByPassingValue" time="0.0">
    <skipped/>
  </testcase> <!-- verifyEmiInputFieldByPassingValue -->
  <testcase classname="TestCases.LoanAmountCalculatorUICheck" name="verifyLoanAmountInterestRateInputFieldPresence" time="0.001">
    <skipped/>
  </testcase> <!-- verifyLoanAmountInterestRateInputFieldPresence -->
  <testcase classname="TestCases.LoanAmountCalculatorUICheck" name="validateLoanAmountInterestRateInputFieldByPassingValue" time="0.0">
    <skipped/>
  </testcase> <!-- validateLoanAmountInterestRateInputFieldByPassingValue -->
  <testcase classname="TestCases.LoanAmountCalculatorUICheck" name="verifyLoanAmountTenureInputFieldPresence" time="0.0">
    <skipped/>
  </testcase> <!-- verifyLoanAmountTenureInputFieldPresence -->
  <testcase classname="TestCases.LoanAmountCalculatorUICheck" name="validateLoanAmountTenureInputFieldByPassingValue" time="0.0">
    <skipped/>
  </testcase> <!-- validateLoanAmountTenureInputFieldByPassingValue -->
  <testcase classname="TestCases.LoanAmountCalculatorUICheck" name="validateLoanAmountLoanTenureMonthButton" time="0.0">
    <skipped/>
  </testcase> <!-- validateLoanAmountLoanTenureMonthButton -->
  <testcase classname="TestCases.LoanAmountCalculatorUICheck" name="verifyLoanAmountLoanChargesInputFieldPresence" time="0.0">
    <skipped/>
  </testcase> <!-- verifyLoanAmountLoanChargesInputFieldPresence -->
  <testcase classname="TestCases.LoanAmountCalculatorUICheck" name="validateLoanAmountLoanChargesInputFieldByPassingValue" time="0.0">
    <skipped/>
  </testcase> <!-- validateLoanAmountLoanChargesInputFieldByPassingValue -->
  <testcase classname="TestCases.LoanTenureCalculatorUICheck" name="validateLoanTenureCalculatorLink" time="0.0">
    <skipped/>
  </testcase> <!-- validateLoanTenureCalculatorLink -->
  <testcase classname="TestCases.LoanTenureCalculatorUICheck" name="verifyLoanTenureLoanAmountInputFieldPresence" time="0.001">
    <skipped/>
  </testcase> <!-- verifyLoanTenureLoanAmountInputFieldPresence -->
  <testcase classname="TestCases.LoanTenureCalculatorUICheck" name="validateLoanTenureLoanAmountInputFieldByPassingValue" time="0.0">
    <skipped/>
  </testcase> <!-- validateLoanTenureLoanAmountInputFieldByPassingValue -->
  <testcase classname="TestCases.LoanTenureCalculatorUICheck" name="verifyLoanTenureEmiInputFieldPresence" time="0.0">
    <skipped/>
  </testcase> <!-- verifyLoanTenureEmiInputFieldPresence -->
  <testcase classname="TestCases.LoanTenureCalculatorUICheck" name="verifyLoanTenureInterestRateInputFieldPresence" time="0.0">
    <skipped/>
  </testcase> <!-- verifyLoanTenureInterestRateInputFieldPresence -->
  <testcase classname="TestCases.LoanTenureCalculatorUICheck" name="validateLoanTenureInterestRateInputFieldByPassingValue" time="0.0">
    <skipped/>
  </testcase> <!-- validateLoanTenureInterestRateInputFieldByPassingValue -->
  <testcase classname="TestCases.LoanTenureCalculatorUICheck" name="verifyLoanTenuteLoanChargesInputFieldPresence" time="0.001">
    <skipped/>
  </testcase> <!-- verifyLoanTenuteLoanChargesInputFieldPresence -->
  <testcase classname="TestCases.LoanTenureCalculatorUICheck" name="validateLoanTenureLoanChargesInputFieldByValue" time="0.0">
    <skipped/>
  </testcase> <!-- validateLoanTenureLoanChargesInputFieldByValue -->
</testsuite> <!-- ChromeTest -->
